c:\users\sandr\desktop\gsoap_2.8.103\gsoap-2.8\gsoap\visualstudio2005\wsdl2h\wsdl2h\debug\vc141.pdb
c:\users\sandr\desktop\gsoap_2.8.103\gsoap-2.8\gsoap\visualstudio2005\wsdl2h\wsdl2h\debug\vc141.idb
c:\users\sandr\desktop\gsoap_2.8.103\gsoap-2.8\gsoap\visualstudio2005\wsdl2h\wsdl2h\debug\bpel.obj
c:\users\sandr\desktop\gsoap_2.8.103\gsoap-2.8\gsoap\visualstudio2005\wsdl2h\wsdl2h\debug\mime.obj
c:\users\sandr\desktop\gsoap_2.8.103\gsoap-2.8\gsoap\visualstudio2005\wsdl2h\wsdl2h\debug\schema.obj
c:\users\sandr\desktop\gsoap_2.8.103\gsoap-2.8\gsoap\visualstudio2005\wsdl2h\wsdl2h\debug\service.obj
c:\users\sandr\desktop\gsoap_2.8.103\gsoap-2.8\gsoap\visualstudio2005\wsdl2h\wsdl2h\debug\soap.obj
c:\users\sandr\desktop\gsoap_2.8.103\gsoap-2.8\gsoap\visualstudio2005\wsdl2h\wsdl2h\debug\stdsoap2.obj
c:\users\sandr\desktop\gsoap_2.8.103\gsoap-2.8\gsoap\visualstudio2005\wsdl2h\wsdl2h\debug\types.obj
c:\users\sandr\desktop\gsoap_2.8.103\gsoap-2.8\gsoap\visualstudio2005\wsdl2h\wsdl2h\debug\wadl.obj
c:\users\sandr\desktop\gsoap_2.8.103\gsoap-2.8\gsoap\visualstudio2005\wsdl2h\wsdl2h\debug\wsdl.obj
c:\users\sandr\desktop\gsoap_2.8.103\gsoap-2.8\gsoap\visualstudio2005\wsdl2h\wsdl2h\debug\wsdl2h.obj
c:\users\sandr\desktop\gsoap_2.8.103\gsoap-2.8\gsoap\visualstudio2005\wsdl2h\wsdl2h\debug\wsdlc.obj
c:\users\sandr\desktop\gsoap_2.8.103\gsoap-2.8\gsoap\visualstudio2005\wsdl2h\wsdl2h\debug\wsp.obj
c:\users\sandr\desktop\gsoap_2.8.103\gsoap-2.8\gsoap\visualstudio2005\wsdl2h\wsdl2h\wsdlstub.h wsdlh.h wsdlc.cpp
c:\users\sandr\desktop\gsoap_2.8.103\gsoap-2.8\gsoap\visualstudio2005\wsdl2h\debug\wsdl2h.pdb
c:\users\sandr\desktop\gsoap_2.8.103\gsoap-2.8\gsoap\visualstudio2005\wsdl2h\wsdl2h\debug\wsdl2h.tlog\cl.command.1.tlog
c:\users\sandr\desktop\gsoap_2.8.103\gsoap-2.8\gsoap\visualstudio2005\wsdl2h\wsdl2h\debug\wsdl2h.tlog\cl.read.1.tlog
c:\users\sandr\desktop\gsoap_2.8.103\gsoap-2.8\gsoap\visualstudio2005\wsdl2h\wsdl2h\debug\wsdl2h.tlog\cl.write.1.tlog
c:\users\sandr\desktop\gsoap_2.8.103\gsoap-2.8\gsoap\visualstudio2005\wsdl2h\wsdl2h\debug\wsdl2h.tlog\custombuild.command.1.tlog
c:\users\sandr\desktop\gsoap_2.8.103\gsoap-2.8\gsoap\visualstudio2005\wsdl2h\wsdl2h\debug\wsdl2h.tlog\custombuild.read.1.tlog
c:\users\sandr\desktop\gsoap_2.8.103\gsoap-2.8\gsoap\visualstudio2005\wsdl2h\wsdl2h\debug\wsdl2h.tlog\custombuild.write.1.tlog
c:\users\sandr\desktop\gsoap_2.8.103\gsoap-2.8\gsoap\visualstudio2005\wsdl2h\wsdl2h\debug\wsdl2h.tlog\link-cvtres.read.1.tlog
c:\users\sandr\desktop\gsoap_2.8.103\gsoap-2.8\gsoap\visualstudio2005\wsdl2h\wsdl2h\debug\wsdl2h.tlog\link-cvtres.write.1.tlog
c:\users\sandr\desktop\gsoap_2.8.103\gsoap-2.8\gsoap\visualstudio2005\wsdl2h\wsdl2h\debug\wsdl2h.tlog\link-rc.read.1.tlog
c:\users\sandr\desktop\gsoap_2.8.103\gsoap-2.8\gsoap\visualstudio2005\wsdl2h\wsdl2h\debug\wsdl2h.tlog\link-rc.write.1.tlog
c:\users\sandr\desktop\gsoap_2.8.103\gsoap-2.8\gsoap\visualstudio2005\wsdl2h\wsdl2h\debug\wsdl2h.tlog\link.command.1.tlog
c:\users\sandr\desktop\gsoap_2.8.103\gsoap-2.8\gsoap\visualstudio2005\wsdl2h\wsdl2h\debug\wsdl2h.tlog\link.read.1.tlog
c:\users\sandr\desktop\gsoap_2.8.103\gsoap-2.8\gsoap\visualstudio2005\wsdl2h\wsdl2h\debug\wsdl2h.tlog\link.write.1.tlog
